<?xml version="1.0" encoding="UTF-8"?>
<!-- Generated by org.testng.reporters.JUnitReportReporter -->
<testsuite skipped="0" hostname="AR-IT13429" name="Academy.HomePage" tests="2" failures="0" timestamp="2020-11-14T14:18:17 ART" time="14.278" errors="0">
  <testcase name="loginHomePage" time="10.823" classname="Academy.HomePage"/>
  <system-out/>
  <testcase name="loginHomePage" time="3.455" classname="Academy.HomePage"/>
  <system-out/>
</testsuite> <!-- Academy.HomePage -->
