<?xml version="1.0" encoding="UTF-8"?>
<!-- Generated by org.testng.reporters.JUnitReportReporter -->
<testsuite skipped="0" hostname="AR-IT13429" name="Academy.validateTitle" tests="2" failures="0" timestamp="2020-11-14T14:18:17 ART" time="0.413" errors="0">
  <testcase name="getTitle" time="0.102" classname="Academy.validateTitle"/>
  <system-out/>
  <testcase name="validateHeader" time="0.311" classname="Academy.validateTitle"/>
  <system-out/>
</testsuite> <!-- Academy.validateTitle -->
