<?xml version="1.0" encoding="UTF-8"?>
<!-- Generated by org.testng.reporters.JUnitReportReporter -->
<testsuite skipped="0" hostname="AR-IT13429" name="Academy.validateNavigationBar" tests="1" failures="0" timestamp="2020-11-14T14:18:17 ART" time="0.110" errors="0">
  <testcase name="basePageNavigation" time="0.110" classname="Academy.validateNavigationBar"/>
  <system-out/>
</testsuite> <!-- Academy.validateNavigationBar -->
