<?xml version="1.0" encoding="UTF-8"?>
<!-- Generated by org.testng.reporters.JUnitReportReporter -->
<testsuite skipped="0" hostname="AR-IT13429" name="Academy.RegisterNewUser" tests="1" failures="0" timestamp="2020-11-14T14:18:17 ART" time="5.973" errors="0">
  <testcase name="registerAnUser" time="5.973" classname="Academy.RegisterNewUser"/>
  <system-out/>
</testsuite> <!-- Academy.RegisterNewUser -->
